2020-01-22 18:05:00,045 [Worker-1: Loading available Gradle versions] INFO  o.e.b.c.i.u.g.PublishedGradleVersions - Gradle version information cache is up-to-date. Trying to read.
2020-01-22 18:05:19,665 [Worker-4: Importing Maven projects] INFO  o.e.m.c.i.l.LifecycleMappingFactory - Using org.eclipse.m2e.jdt.JarLifecycleMapping lifecycle mapping for MavenProject: com.example:KafkaBinderConsumer:1.0.0-SNAPSHOT @ E:\MicroServices\SpringCloudStreamUsingRabbitMQ\RabbitMqBinderConsumer\pom.xml.
2020-01-22 18:05:21,909 [Worker-4: Importing Maven projects] INFO  o.e.m.c.i.l.LifecycleMappingFactory - Using org.eclipse.m2e.jdt.JarLifecycleMapping lifecycle mapping for MavenProject: com.example:KafkaBinderProducer:1.0.0-SNAPSHOT @ E:\MicroServices\SpringCloudStreamUsingRabbitMQ\RabbitMqBinderProducer\pom.xml.
2020-01-22 18:05:24,943 [Worker-4: Importing Maven projects] INFO  o.e.m.j.i.AbstractJavaProjectConfigurator - Adding source folder /RabbitMqBinderConsumer/src/main/java
2020-01-22 18:05:24,944 [Worker-4: Importing Maven projects] INFO  o.e.m.j.i.AbstractJavaProjectConfigurator - Adding resource folder /RabbitMqBinderConsumer/src/main/resources
2020-01-22 18:05:24,944 [Worker-4: Importing Maven projects] INFO  o.e.m.j.i.AbstractJavaProjectConfigurator - Adding resource folder /RabbitMqBinderConsumer/src/main/resources
2020-01-22 18:05:24,945 [Worker-4: Importing Maven projects] INFO  o.e.m.j.i.AbstractJavaProjectConfigurator - Adding source folder /RabbitMqBinderConsumer/src/test/java
2020-01-22 18:05:25,283 [Worker-4: Importing Maven projects] INFO  o.e.m.j.i.AbstractJavaProjectConfigurator - Adding source folder /RabbitMqBinderProducer/src/main/java
2020-01-22 18:05:25,283 [Worker-4: Importing Maven projects] INFO  o.e.m.j.i.AbstractJavaProjectConfigurator - Adding resource folder /RabbitMqBinderProducer/src/main/resources
2020-01-22 18:05:25,283 [Worker-4: Importing Maven projects] INFO  o.e.m.j.i.AbstractJavaProjectConfigurator - Adding resource folder /RabbitMqBinderProducer/src/main/resources
2020-01-22 18:05:25,284 [Worker-4: Importing Maven projects] INFO  o.e.m.j.i.AbstractJavaProjectConfigurator - Adding source folder /RabbitMqBinderProducer/src/test/java
2020-01-22 18:05:25,635 [Worker-4: Importing Maven projects] INFO  o.e.m.c.i.p.ProjectConfigurationManager - Imported and configured 2 project(s) in 10 sec
2020-01-22 18:05:30,254 [Worker-6: Building workspace] INFO  o.e.m.c.i.embedder.EclipseLogger - Using 'UTF-8' encoding to copy filtered resources.
2020-01-22 18:05:30,283 [Worker-6: Building workspace] INFO  o.e.m.c.i.embedder.EclipseLogger - Copying 2 resources
2020-01-22 18:05:30,310 [Worker-6: Building workspace] INFO  o.e.m.c.i.embedder.EclipseLogger - Copying 0 resource
2020-01-22 18:05:30,314 [Worker-6: Building workspace] INFO  o.e.m.c.i.embedder.EclipseLogger - Using 'UTF-8' encoding to copy filtered resources.
2020-01-22 18:05:30,314 [Worker-6: Building workspace] INFO  o.e.m.c.i.embedder.EclipseLogger - skip non existing resourceDirectory E:\MicroServices\SpringCloudStreamUsingRabbitMQ\RabbitMqBinderConsumer\src\test\resources
2020-01-22 18:05:33,966 [Worker-6: Building workspace] INFO  o.e.m.c.i.embedder.EclipseLogger - Using 'UTF-8' encoding to copy filtered resources.
2020-01-22 18:05:33,966 [Worker-6: Building workspace] INFO  o.e.m.c.i.embedder.EclipseLogger - Copying 2 resources
2020-01-22 18:05:33,969 [Worker-6: Building workspace] INFO  o.e.m.c.i.embedder.EclipseLogger - Copying 0 resource
2020-01-22 18:05:33,971 [Worker-6: Building workspace] INFO  o.e.m.c.i.embedder.EclipseLogger - Using 'UTF-8' encoding to copy filtered resources.
2020-01-22 18:05:33,972 [Worker-6: Building workspace] INFO  o.e.m.c.i.embedder.EclipseLogger - skip non existing resourceDirectory E:\MicroServices\SpringCloudStreamUsingRabbitMQ\RabbitMqBinderProducer\src\test\resources
2020-01-22 18:12:58,580 [Worker-2: Import Getting Started Content] INFO  o.e.m.c.i.l.LifecycleMappingFactory - Using org.eclipse.m2e.jdt.JarLifecycleMapping lifecycle mapping for MavenProject: com.example:RabbitMQProducer:0.0.1-SNAPSHOT @ E:\MicroServices\SpringCloudStreamUsingRabbitMQ\RabbitMQProducer\pom.xml.
2020-01-22 18:12:59,350 [Worker-2: Import Getting Started Content] INFO  o.e.m.c.i.e.AbstractTransferListenerAdapter - Downloading https://repo.maven.apache.org/maven2/org/springframework/boot/spring-boot-starter-amqp/2.2.4.RELEASE/spring-boot-starter-amqp-2.2.4.RELEASE.pom
2020-01-22 18:12:59,516 [Worker-2: Import Getting Started Content] INFO  o.e.m.c.i.e.AbstractTransferListenerAdapter - Downloaded https://repo.maven.apache.org/maven2/org/springframework/boot/spring-boot-starter-amqp/2.2.4.RELEASE/spring-boot-starter-amqp-2.2.4.RELEASE.pom
2020-01-22 18:12:59,849 [Worker-2: Import Getting Started Content] INFO  o.e.m.c.i.e.AbstractTransferListenerAdapter - Downloading https://repo.maven.apache.org/maven2/org/springframework/amqp/spring-rabbit/2.2.3.RELEASE/spring-rabbit-2.2.3.RELEASE.pom
2020-01-22 18:12:59,992 [Worker-2: Import Getting Started Content] INFO  o.e.m.c.i.e.AbstractTransferListenerAdapter - Downloaded https://repo.maven.apache.org/maven2/org/springframework/amqp/spring-rabbit/2.2.3.RELEASE/spring-rabbit-2.2.3.RELEASE.pom
2020-01-22 18:13:00,138 [Worker-2: Import Getting Started Content] INFO  o.e.m.c.i.e.AbstractTransferListenerAdapter - Downloading https://repo.maven.apache.org/maven2/com/rabbitmq/amqp-client/5.7.3/amqp-client-5.7.3.pom
2020-01-22 18:13:00,412 [Worker-2: Import Getting Started Content] INFO  o.e.m.c.i.e.AbstractTransferListenerAdapter - Downloaded https://repo.maven.apache.org/maven2/com/rabbitmq/amqp-client/5.7.3/amqp-client-5.7.3.pom
2020-01-22 18:13:00,546 [Worker-2: Import Getting Started Content] INFO  o.e.m.c.i.e.AbstractTransferListenerAdapter - Downloading https://repo.maven.apache.org/maven2/org/springframework/amqp/spring-amqp/2.2.3.RELEASE/spring-amqp-2.2.3.RELEASE.pom
2020-01-22 18:13:00,676 [Worker-2: Import Getting Started Content] INFO  o.e.m.c.i.e.AbstractTransferListenerAdapter - Downloaded https://repo.maven.apache.org/maven2/org/springframework/amqp/spring-amqp/2.2.3.RELEASE/spring-amqp-2.2.3.RELEASE.pom
2020-01-22 18:13:01,003 [Worker-2: Import Getting Started Content] INFO  o.e.m.c.i.e.AbstractTransferListenerAdapter - Downloading https://repo.maven.apache.org/maven2/org/springframework/cloud/spring-cloud-stream-binder-rabbit/3.0.1.RELEASE/spring-cloud-stream-binder-rabbit-3.0.1.RELEASE.pom
2020-01-22 18:13:01,133 [Worker-2: Import Getting Started Content] INFO  o.e.m.c.i.e.AbstractTransferListenerAdapter - Downloaded https://repo.maven.apache.org/maven2/org/springframework/cloud/spring-cloud-stream-binder-rabbit/3.0.1.RELEASE/spring-cloud-stream-binder-rabbit-3.0.1.RELEASE.pom
2020-01-22 18:13:01,266 [Worker-2: Import Getting Started Content] INFO  o.e.m.c.i.e.AbstractTransferListenerAdapter - Downloading https://repo.maven.apache.org/maven2/org/springframework/cloud/spring-cloud-stream-binder-rabbit-parent/3.0.1.RELEASE/spring-cloud-stream-binder-rabbit-parent-3.0.1.RELEASE.pom
2020-01-22 18:13:01,406 [Worker-2: Import Getting Started Content] INFO  o.e.m.c.i.e.AbstractTransferListenerAdapter - Downloaded https://repo.maven.apache.org/maven2/org/springframework/cloud/spring-cloud-stream-binder-rabbit-parent/3.0.1.RELEASE/spring-cloud-stream-binder-rabbit-parent-3.0.1.RELEASE.pom
2020-01-22 18:13:01,556 [Worker-2: Import Getting Started Content] INFO  o.e.m.c.i.e.AbstractTransferListenerAdapter - Downloading https://repo.maven.apache.org/maven2/org/springframework/cloud/spring-cloud-stream-binder-rabbit-core/3.0.1.RELEASE/spring-cloud-stream-binder-rabbit-core-3.0.1.RELEASE.pom
2020-01-22 18:13:01,692 [Worker-2: Import Getting Started Content] INFO  o.e.m.c.i.e.AbstractTransferListenerAdapter - Downloaded https://repo.maven.apache.org/maven2/org/springframework/cloud/spring-cloud-stream-binder-rabbit-core/3.0.1.RELEASE/spring-cloud-stream-binder-rabbit-core-3.0.1.RELEASE.pom
2020-01-22 18:13:01,833 [Worker-2: Import Getting Started Content] INFO  o.e.m.c.i.e.AbstractTransferListenerAdapter - Downloading https://repo.maven.apache.org/maven2/org/springframework/integration/spring-integration-amqp/5.2.3.RELEASE/spring-integration-amqp-5.2.3.RELEASE.pom
2020-01-22 18:13:01,972 [Worker-2: Import Getting Started Content] INFO  o.e.m.c.i.e.AbstractTransferListenerAdapter - Downloaded https://repo.maven.apache.org/maven2/org/springframework/integration/spring-integration-amqp/5.2.3.RELEASE/spring-integration-amqp-5.2.3.RELEASE.pom
2020-01-22 18:13:02,200 [Worker-2: Import Getting Started Content] INFO  o.e.m.c.i.e.AbstractTransferListenerAdapter - Downloading https://repo.maven.apache.org/maven2/org/apache/httpcomponents/httpcore/4.4.13/httpcore-4.4.13.pom
2020-01-22 18:13:02,340 [Worker-2: Import Getting Started Content] INFO  o.e.m.c.i.e.AbstractTransferListenerAdapter - Downloaded https://repo.maven.apache.org/maven2/org/apache/httpcomponents/httpcore/4.4.13/httpcore-4.4.13.pom
2020-01-22 18:13:02,500 [Worker-2: Import Getting Started Content] INFO  o.e.m.c.i.e.AbstractTransferListenerAdapter - Downloading https://repo.maven.apache.org/maven2/org/apache/httpcomponents/httpcomponents-core/4.4.13/httpcomponents-core-4.4.13.pom
2020-01-22 18:13:02,640 [Worker-2: Import Getting Started Content] INFO  o.e.m.c.i.e.AbstractTransferListenerAdapter - Downloaded https://repo.maven.apache.org/maven2/org/apache/httpcomponents/httpcomponents-core/4.4.13/httpcomponents-core-4.4.13.pom
2020-01-22 18:13:02,831 [Worker-2: Import Getting Started Content] INFO  o.e.m.c.i.e.AbstractTransferListenerAdapter - Downloading https://repo.maven.apache.org/maven2/com/rabbitmq/http-client/2.1.0.RELEASE/http-client-2.1.0.RELEASE.pom
2020-01-22 18:13:02,971 [Worker-2: Import Getting Started Content] INFO  o.e.m.c.i.e.AbstractTransferListenerAdapter - Downloaded https://repo.maven.apache.org/maven2/com/rabbitmq/http-client/2.1.0.RELEASE/http-client-2.1.0.RELEASE.pom
2020-01-22 18:13:03,264 [Worker-2: Import Getting Started Content] INFO  o.e.m.c.i.e.AbstractTransferListenerAdapter - Downloading https://repo.maven.apache.org/maven2/org/springframework/amqp/spring-rabbit-test/2.2.3.RELEASE/spring-rabbit-test-2.2.3.RELEASE.pom
2020-01-22 18:13:03,404 [Worker-2: Import Getting Started Content] INFO  o.e.m.c.i.e.AbstractTransferListenerAdapter - Downloaded https://repo.maven.apache.org/maven2/org/springframework/amqp/spring-rabbit-test/2.2.3.RELEASE/spring-rabbit-test-2.2.3.RELEASE.pom
2020-01-22 18:13:03,545 [Worker-2: Import Getting Started Content] INFO  o.e.m.c.i.e.AbstractTransferListenerAdapter - Downloading https://repo.maven.apache.org/maven2/org/hamcrest/hamcrest-core/2.1/hamcrest-core-2.1.pom
2020-01-22 18:13:03,681 [Worker-2: Import Getting Started Content] INFO  o.e.m.c.i.e.AbstractTransferListenerAdapter - Downloaded https://repo.maven.apache.org/maven2/org/hamcrest/hamcrest-core/2.1/hamcrest-core-2.1.pom
2020-01-22 18:13:03,849 [Worker-2: Import Getting Started Content] INFO  o.e.m.c.i.e.AbstractTransferListenerAdapter - Downloading https://repo.maven.apache.org/maven2/org/hamcrest/hamcrest-library/2.1/hamcrest-library-2.1.pom
2020-01-22 18:13:04,013 [Worker-2: Import Getting Started Content] INFO  o.e.m.c.i.e.AbstractTransferListenerAdapter - Downloaded https://repo.maven.apache.org/maven2/org/hamcrest/hamcrest-library/2.1/hamcrest-library-2.1.pom
2020-01-22 18:13:04,153 [Worker-2: Import Getting Started Content] INFO  o.e.m.c.i.e.AbstractTransferListenerAdapter - Downloading https://repo.maven.apache.org/maven2/org/springframework/amqp/spring-rabbit-junit/2.2.3.RELEASE/spring-rabbit-junit-2.2.3.RELEASE.pom
2020-01-22 18:13:04,289 [Worker-2: Import Getting Started Content] INFO  o.e.m.c.i.e.AbstractTransferListenerAdapter - Downloaded https://repo.maven.apache.org/maven2/org/springframework/amqp/spring-rabbit-junit/2.2.3.RELEASE/spring-rabbit-junit-2.2.3.RELEASE.pom
2020-01-22 18:13:04,433 [Worker-2: Import Getting Started Content] INFO  o.e.m.c.i.e.AbstractTransferListenerAdapter - Downloading https://repo.maven.apache.org/maven2/com/rabbitmq/http-client/3.2.0.RELEASE/http-client-3.2.0.RELEASE.pom
2020-01-22 18:13:04,568 [Worker-2: Import Getting Started Content] INFO  o.e.m.c.i.e.AbstractTransferListenerAdapter - Downloaded https://repo.maven.apache.org/maven2/com/rabbitmq/http-client/3.2.0.RELEASE/http-client-3.2.0.RELEASE.pom
2020-01-22 18:13:04,794 [Worker-2: Import Getting Started Content] INFO  o.e.m.c.i.e.AbstractTransferListenerAdapter - Downloading https://repo.maven.apache.org/maven2/org/springframework/boot/spring-boot-starter-amqp/2.2.4.RELEASE/spring-boot-starter-amqp-2.2.4.RELEASE.jar
2020-01-22 18:13:04,925 [Worker-2: Import Getting Started Content] INFO  o.e.m.c.i.e.AbstractTransferListenerAdapter - Downloaded https://repo.maven.apache.org/maven2/org/springframework/boot/spring-boot-starter-amqp/2.2.4.RELEASE/spring-boot-starter-amqp-2.2.4.RELEASE.jar
2020-01-22 18:13:05,054 [Worker-2: Import Getting Started Content] INFO  o.e.m.c.i.e.AbstractTransferListenerAdapter - Downloading https://repo.maven.apache.org/maven2/org/springframework/amqp/spring-rabbit/2.2.3.RELEASE/spring-rabbit-2.2.3.RELEASE.jar
2020-01-22 18:13:05,579 [Worker-2: Import Getting Started Content] INFO  o.e.m.c.i.e.AbstractTransferListenerAdapter - Downloaded https://repo.maven.apache.org/maven2/org/springframework/amqp/spring-rabbit/2.2.3.RELEASE/spring-rabbit-2.2.3.RELEASE.jar
2020-01-22 18:13:05,711 [Worker-2: Import Getting Started Content] INFO  o.e.m.c.i.e.AbstractTransferListenerAdapter - Downloading https://repo.maven.apache.org/maven2/com/rabbitmq/amqp-client/5.7.3/amqp-client-5.7.3.jar
2020-01-22 18:13:05,993 [Worker-2: Import Getting Started Content] INFO  o.e.m.c.i.e.AbstractTransferListenerAdapter - Downloaded https://repo.maven.apache.org/maven2/com/rabbitmq/amqp-client/5.7.3/amqp-client-5.7.3.jar
2020-01-22 18:13:06,120 [Worker-2: Import Getting Started Content] INFO  o.e.m.c.i.e.AbstractTransferListenerAdapter - Downloading https://repo.maven.apache.org/maven2/org/springframework/amqp/spring-amqp/2.2.3.RELEASE/spring-amqp-2.2.3.RELEASE.jar
2020-01-22 18:13:06,262 [Worker-2: Import Getting Started Content] INFO  o.e.m.c.i.e.AbstractTransferListenerAdapter - Downloaded https://repo.maven.apache.org/maven2/org/springframework/amqp/spring-amqp/2.2.3.RELEASE/spring-amqp-2.2.3.RELEASE.jar
2020-01-22 18:13:06,389 [Worker-2: Import Getting Started Content] INFO  o.e.m.c.i.e.AbstractTransferListenerAdapter - Downloading https://repo.maven.apache.org/maven2/org/springframework/cloud/spring-cloud-stream-binder-rabbit/3.0.1.RELEASE/spring-cloud-stream-binder-rabbit-3.0.1.RELEASE.jar
2020-01-22 18:13:06,522 [Worker-2: Import Getting Started Content] INFO  o.e.m.c.i.e.AbstractTransferListenerAdapter - Downloaded https://repo.maven.apache.org/maven2/org/springframework/cloud/spring-cloud-stream-binder-rabbit/3.0.1.RELEASE/spring-cloud-stream-binder-rabbit-3.0.1.RELEASE.jar
2020-01-22 18:13:06,649 [Worker-2: Import Getting Started Content] INFO  o.e.m.c.i.e.AbstractTransferListenerAdapter - Downloading https://repo.maven.apache.org/maven2/org/springframework/cloud/spring-cloud-stream-binder-rabbit-core/3.0.1.RELEASE/spring-cloud-stream-binder-rabbit-core-3.0.1.RELEASE.jar
2020-01-22 18:13:06,793 [Worker-2: Import Getting Started Content] INFO  o.e.m.c.i.e.AbstractTransferListenerAdapter - Downloaded https://repo.maven.apache.org/maven2/org/springframework/cloud/spring-cloud-stream-binder-rabbit-core/3.0.1.RELEASE/spring-cloud-stream-binder-rabbit-core-3.0.1.RELEASE.jar
2020-01-22 18:13:06,921 [Worker-2: Import Getting Started Content] INFO  o.e.m.c.i.e.AbstractTransferListenerAdapter - Downloading https://repo.maven.apache.org/maven2/org/springframework/integration/spring-integration-amqp/5.2.3.RELEASE/spring-integration-amqp-5.2.3.RELEASE.jar
2020-01-22 18:13:07,151 [Worker-2: Import Getting Started Content] INFO  o.e.m.c.i.e.AbstractTransferListenerAdapter - Downloaded https://repo.maven.apache.org/maven2/org/springframework/integration/spring-integration-amqp/5.2.3.RELEASE/spring-integration-amqp-5.2.3.RELEASE.jar
2020-01-22 18:13:07,279 [Worker-2: Import Getting Started Content] INFO  o.e.m.c.i.e.AbstractTransferListenerAdapter - Downloading https://repo.maven.apache.org/maven2/com/rabbitmq/http-client/2.1.0.RELEASE/http-client-2.1.0.RELEASE.jar
2020-01-22 18:13:07,428 [Worker-2: Import Getting Started Content] INFO  o.e.m.c.i.e.AbstractTransferListenerAdapter - Downloaded https://repo.maven.apache.org/maven2/com/rabbitmq/http-client/2.1.0.RELEASE/http-client-2.1.0.RELEASE.jar
2020-01-22 18:13:07,559 [Worker-2: Import Getting Started Content] INFO  o.e.m.c.i.e.AbstractTransferListenerAdapter - Downloading https://repo.maven.apache.org/maven2/org/apache/httpcomponents/httpcore/4.4.13/httpcore-4.4.13.jar
2020-01-22 18:13:07,728 [Worker-2: Import Getting Started Content] INFO  o.e.m.c.i.e.AbstractTransferListenerAdapter - Downloaded https://repo.maven.apache.org/maven2/org/apache/httpcomponents/httpcore/4.4.13/httpcore-4.4.13.jar
2020-01-22 18:13:07,856 [Worker-2: Import Getting Started Content] INFO  o.e.m.c.i.e.AbstractTransferListenerAdapter - Downloading https://repo.maven.apache.org/maven2/org/springframework/amqp/spring-rabbit-test/2.2.3.RELEASE/spring-rabbit-test-2.2.3.RELEASE.jar
2020-01-22 18:13:07,997 [Worker-2: Import Getting Started Content] INFO  o.e.m.c.i.e.AbstractTransferListenerAdapter - Downloaded https://repo.maven.apache.org/maven2/org/springframework/amqp/spring-rabbit-test/2.2.3.RELEASE/spring-rabbit-test-2.2.3.RELEASE.jar
2020-01-22 18:13:08,125 [Worker-2: Import Getting Started Content] INFO  o.e.m.c.i.e.AbstractTransferListenerAdapter - Downloading https://repo.maven.apache.org/maven2/org/hamcrest/hamcrest-core/2.1/hamcrest-core-2.1.jar
2020-01-22 18:13:08,263 [Worker-2: Import Getting Started Content] INFO  o.e.m.c.i.e.AbstractTransferListenerAdapter - Downloaded https://repo.maven.apache.org/maven2/org/hamcrest/hamcrest-core/2.1/hamcrest-core-2.1.jar
2020-01-22 18:13:08,390 [Worker-2: Import Getting Started Content] INFO  o.e.m.c.i.e.AbstractTransferListenerAdapter - Downloading https://repo.maven.apache.org/maven2/org/hamcrest/hamcrest-library/2.1/hamcrest-library-2.1.jar
2020-01-22 18:13:08,528 [Worker-2: Import Getting Started Content] INFO  o.e.m.c.i.e.AbstractTransferListenerAdapter - Downloaded https://repo.maven.apache.org/maven2/org/hamcrest/hamcrest-library/2.1/hamcrest-library-2.1.jar
2020-01-22 18:13:08,657 [Worker-2: Import Getting Started Content] INFO  o.e.m.c.i.e.AbstractTransferListenerAdapter - Downloading https://repo.maven.apache.org/maven2/org/springframework/amqp/spring-rabbit-junit/2.2.3.RELEASE/spring-rabbit-junit-2.2.3.RELEASE.jar
2020-01-22 18:13:08,797 [Worker-2: Import Getting Started Content] INFO  o.e.m.c.i.e.AbstractTransferListenerAdapter - Downloaded https://repo.maven.apache.org/maven2/org/springframework/amqp/spring-rabbit-junit/2.2.3.RELEASE/spring-rabbit-junit-2.2.3.RELEASE.jar
2020-01-22 18:13:10,835 [Worker-2: Import Getting Started Content] INFO  o.e.m.j.i.AbstractJavaProjectConfigurator - Adding source folder /RabbitMQProducer/src/main/java
2020-01-22 18:13:10,835 [Worker-2: Import Getting Started Content] INFO  o.e.m.j.i.AbstractJavaProjectConfigurator - Adding resource folder /RabbitMQProducer/src/main/resources
2020-01-22 18:13:10,841 [Worker-2: Import Getting Started Content] INFO  o.e.m.j.i.AbstractJavaProjectConfigurator - Adding resource folder /RabbitMQProducer/src/main/resources
2020-01-22 18:13:10,848 [Worker-2: Import Getting Started Content] INFO  o.e.m.j.i.AbstractJavaProjectConfigurator - Adding source folder /RabbitMQProducer/src/test/java
2020-01-22 18:13:11,133 [Worker-2: Import Getting Started Content] INFO  o.e.m.c.i.p.ProjectConfigurationManager - Imported and configured 1 project(s) in 13 sec
2020-01-22 18:13:11,136 [Worker-2: Import Getting Started Content] INFO  o.e.m.c.i.p.ProjectConfigurationManager - Update started
2020-01-22 18:13:11,534 [Worker-2: Import Getting Started Content] INFO  o.e.m.c.i.l.LifecycleMappingFactory - Using org.eclipse.m2e.jdt.JarLifecycleMapping lifecycle mapping for MavenProject: com.example:RabbitMQProducer:0.0.1-SNAPSHOT @ E:\MicroServices\SpringCloudStreamUsingRabbitMQ\RabbitMQProducer\pom.xml.
2020-01-22 18:13:13,035 [Worker-2: Import Getting Started Content] INFO  o.e.m.j.i.AbstractJavaProjectConfigurator - Adding source folder /RabbitMQProducer/src/main/java
2020-01-22 18:13:13,035 [Worker-2: Import Getting Started Content] INFO  o.e.m.j.i.AbstractJavaProjectConfigurator - Adding resource folder /RabbitMQProducer/src/main/resources
2020-01-22 18:13:13,036 [Worker-2: Import Getting Started Content] INFO  o.e.m.j.i.AbstractJavaProjectConfigurator - Adding resource folder /RabbitMQProducer/src/main/resources
2020-01-22 18:13:13,038 [Worker-2: Import Getting Started Content] INFO  o.e.m.j.i.AbstractJavaProjectConfigurator - Adding source folder /RabbitMQProducer/src/test/java
2020-01-22 18:13:13,342 [Worker-2: Import Getting Started Content] INFO  o.e.m.c.i.p.ProjectConfigurationManager - Update completed: 2 sec
2020-01-22 18:13:13,355 [Worker-12: Download sources and javadoc] INFO  o.e.m.c.i.e.AbstractTransferListenerAdapter - Downloading https://repo.maven.apache.org/maven2/org/springframework/boot/spring-boot-starter-amqp/2.2.4.RELEASE/spring-boot-starter-amqp-2.2.4.RELEASE-sources.jar
2020-01-22 18:13:13,510 [Worker-12: Download sources and javadoc] INFO  o.e.m.c.i.e.AbstractTransferListenerAdapter - Downloaded https://repo.maven.apache.org/maven2/org/springframework/boot/spring-boot-starter-amqp/2.2.4.RELEASE/spring-boot-starter-amqp-2.2.4.RELEASE-sources.jar
2020-01-22 18:13:13,954 [Worker-12: Download sources and javadoc] INFO  o.e.m.j.internal.DownloadSourcesJob - Downloaded sources for org.springframework.boot:spring-boot-starter-amqp:2.2.4.RELEASE
2020-01-22 18:13:14,895 [Worker-13: Building workspace] INFO  o.e.m.c.i.embedder.EclipseLogger - Using 'UTF-8' encoding to copy filtered resources.
2020-01-22 18:13:14,896 [Worker-13: Building workspace] INFO  o.e.m.c.i.embedder.EclipseLogger - Copying 1 resource
2020-01-22 18:13:14,898 [Worker-13: Building workspace] INFO  o.e.m.c.i.embedder.EclipseLogger - Copying 0 resource
2020-01-22 18:13:14,900 [Worker-13: Building workspace] INFO  o.e.m.c.i.embedder.EclipseLogger - Using 'UTF-8' encoding to copy filtered resources.
2020-01-22 18:13:14,900 [Worker-13: Building workspace] INFO  o.e.m.c.i.embedder.EclipseLogger - skip non existing resourceDirectory E:\MicroServices\SpringCloudStreamUsingRabbitMQ\RabbitMQProducer\src\test\resources
2020-01-22 18:13:15,314 [Worker-12: Download sources and javadoc] INFO  o.e.m.c.i.e.AbstractTransferListenerAdapter - Downloading https://repo.maven.apache.org/maven2/org/springframework/amqp/spring-rabbit/2.2.3.RELEASE/spring-rabbit-2.2.3.RELEASE-sources.jar
2020-01-22 18:13:15,998 [Worker-12: Download sources and javadoc] INFO  o.e.m.c.i.e.AbstractTransferListenerAdapter - Downloaded https://repo.maven.apache.org/maven2/org/springframework/amqp/spring-rabbit/2.2.3.RELEASE/spring-rabbit-2.2.3.RELEASE-sources.jar
2020-01-22 18:13:16,132 [Worker-12: Download sources and javadoc] INFO  o.e.m.j.internal.DownloadSourcesJob - Downloaded sources for org.springframework.amqp:spring-rabbit:2.2.3.RELEASE
2020-01-22 18:13:16,546 [Worker-12: Download sources and javadoc] INFO  o.e.m.c.i.e.AbstractTransferListenerAdapter - Downloading https://repo.maven.apache.org/maven2/com/rabbitmq/amqp-client/5.7.3/amqp-client-5.7.3-sources.jar
2020-01-22 18:13:17,247 [Worker-12: Download sources and javadoc] INFO  o.e.m.c.i.e.AbstractTransferListenerAdapter - Downloaded https://repo.maven.apache.org/maven2/com/rabbitmq/amqp-client/5.7.3/amqp-client-5.7.3-sources.jar
2020-01-22 18:13:17,466 [Worker-12: Download sources and javadoc] INFO  o.e.m.j.internal.DownloadSourcesJob - Downloaded sources for com.rabbitmq:amqp-client:5.7.3
2020-01-22 18:13:17,897 [Worker-12: Download sources and javadoc] INFO  o.e.m.c.i.e.AbstractTransferListenerAdapter - Downloading https://repo.maven.apache.org/maven2/org/springframework/amqp/spring-amqp/2.2.3.RELEASE/spring-amqp-2.2.3.RELEASE-sources.jar
2020-01-22 18:13:18,638 [Worker-12: Download sources and javadoc] INFO  o.e.m.c.i.e.AbstractTransferListenerAdapter - Downloaded https://repo.maven.apache.org/maven2/org/springframework/amqp/spring-amqp/2.2.3.RELEASE/spring-amqp-2.2.3.RELEASE-sources.jar
2020-01-22 18:13:18,799 [Worker-12: Download sources and javadoc] INFO  o.e.m.j.internal.DownloadSourcesJob - Downloaded sources for org.springframework.amqp:spring-amqp:2.2.3.RELEASE
2020-01-22 18:13:19,204 [Worker-12: Download sources and javadoc] INFO  o.e.m.c.i.e.AbstractTransferListenerAdapter - Downloading https://repo.maven.apache.org/maven2/org/springframework/cloud/spring-cloud-stream-binder-rabbit/3.0.1.RELEASE/spring-cloud-stream-binder-rabbit-3.0.1.RELEASE-sources.jar
2020-01-22 18:13:19,466 [Worker-12: Download sources and javadoc] INFO  o.e.m.c.i.e.AbstractTransferListenerAdapter - Downloaded https://repo.maven.apache.org/maven2/org/springframework/cloud/spring-cloud-stream-binder-rabbit/3.0.1.RELEASE/spring-cloud-stream-binder-rabbit-3.0.1.RELEASE-sources.jar
2020-01-22 18:13:19,560 [Worker-12: Download sources and javadoc] INFO  o.e.m.j.internal.DownloadSourcesJob - Downloaded sources for org.springframework.cloud:spring-cloud-stream-binder-rabbit:3.0.1.RELEASE
2020-01-22 18:13:19,965 [Worker-12: Download sources and javadoc] INFO  o.e.m.c.i.e.AbstractTransferListenerAdapter - Downloading https://repo.maven.apache.org/maven2/org/springframework/cloud/spring-cloud-stream-binder-rabbit-core/3.0.1.RELEASE/spring-cloud-stream-binder-rabbit-core-3.0.1.RELEASE-sources.jar
2020-01-22 18:13:20,221 [Worker-12: Download sources and javadoc] INFO  o.e.m.c.i.e.AbstractTransferListenerAdapter - Downloaded https://repo.maven.apache.org/maven2/org/springframework/cloud/spring-cloud-stream-binder-rabbit-core/3.0.1.RELEASE/spring-cloud-stream-binder-rabbit-core-3.0.1.RELEASE-sources.jar
2020-01-22 18:13:20,298 [Worker-12: Download sources and javadoc] INFO  o.e.m.j.internal.DownloadSourcesJob - Downloaded sources for org.springframework.cloud:spring-cloud-stream-binder-rabbit-core:3.0.1.RELEASE
2020-01-22 18:13:20,689 [Worker-12: Download sources and javadoc] INFO  o.e.m.c.i.e.AbstractTransferListenerAdapter - Downloading https://repo.maven.apache.org/maven2/org/springframework/integration/spring-integration-amqp/5.2.3.RELEASE/spring-integration-amqp-5.2.3.RELEASE-sources.jar
2020-01-22 18:13:21,082 [Worker-12: Download sources and javadoc] INFO  o.e.m.c.i.e.AbstractTransferListenerAdapter - Downloaded https://repo.maven.apache.org/maven2/org/springframework/integration/spring-integration-amqp/5.2.3.RELEASE/spring-integration-amqp-5.2.3.RELEASE-sources.jar
2020-01-22 18:13:21,158 [Worker-12: Download sources and javadoc] INFO  o.e.m.j.internal.DownloadSourcesJob - Downloaded sources for org.springframework.integration:spring-integration-amqp:5.2.3.RELEASE
2020-01-22 18:13:21,559 [Worker-12: Download sources and javadoc] INFO  o.e.m.c.i.e.AbstractTransferListenerAdapter - Downloading https://repo.maven.apache.org/maven2/com/rabbitmq/http-client/2.1.0.RELEASE/http-client-2.1.0.RELEASE-sources.jar
2020-01-22 18:13:21,966 [Worker-12: Download sources and javadoc] INFO  o.e.m.c.i.e.AbstractTransferListenerAdapter - Downloaded https://repo.maven.apache.org/maven2/com/rabbitmq/http-client/2.1.0.RELEASE/http-client-2.1.0.RELEASE-sources.jar
2020-01-22 18:13:22,060 [Worker-12: Download sources and javadoc] INFO  o.e.m.j.internal.DownloadSourcesJob - Downloaded sources for com.rabbitmq:http-client:2.1.0.RELEASE
2020-01-22 18:13:22,479 [Worker-12: Download sources and javadoc] INFO  o.e.m.c.i.e.AbstractTransferListenerAdapter - Downloading https://repo.maven.apache.org/maven2/org/apache/httpcomponents/httpcore/4.4.13/httpcore-4.4.13-sources.jar
2020-01-22 18:13:23,174 [Worker-12: Download sources and javadoc] INFO  o.e.m.c.i.e.AbstractTransferListenerAdapter - Downloaded https://repo.maven.apache.org/maven2/org/apache/httpcomponents/httpcore/4.4.13/httpcore-4.4.13-sources.jar
2020-01-22 18:13:23,239 [Worker-12: Download sources and javadoc] INFO  o.e.m.j.internal.DownloadSourcesJob - Downloaded sources for org.apache.httpcomponents:httpcore:4.4.13
2020-01-22 18:13:23,631 [Worker-12: Download sources and javadoc] INFO  o.e.m.c.i.e.AbstractTransferListenerAdapter - Downloading https://repo.maven.apache.org/maven2/org/springframework/amqp/spring-rabbit-test/2.2.3.RELEASE/spring-rabbit-test-2.2.3.RELEASE-sources.jar
2020-01-22 18:13:23,767 [Worker-12: Download sources and javadoc] INFO  o.e.m.c.i.e.AbstractTransferListenerAdapter - Downloaded https://repo.maven.apache.org/maven2/org/springframework/amqp/spring-rabbit-test/2.2.3.RELEASE/spring-rabbit-test-2.2.3.RELEASE-sources.jar
2020-01-22 18:13:23,864 [Worker-12: Download sources and javadoc] INFO  o.e.m.j.internal.DownloadSourcesJob - Downloaded sources for org.springframework.amqp:spring-rabbit-test:2.2.3.RELEASE
2020-01-22 18:13:24,274 [Worker-12: Download sources and javadoc] INFO  o.e.m.c.i.e.AbstractTransferListenerAdapter - Downloading https://repo.maven.apache.org/maven2/org/hamcrest/hamcrest-core/2.1/hamcrest-core-2.1-sources.jar
2020-01-22 18:13:24,422 [Worker-12: Download sources and javadoc] INFO  o.e.m.c.i.e.AbstractTransferListenerAdapter - Downloaded https://repo.maven.apache.org/maven2/org/hamcrest/hamcrest-core/2.1/hamcrest-core-2.1-sources.jar
2020-01-22 18:13:24,535 [Worker-12: Download sources and javadoc] INFO  o.e.m.j.internal.DownloadSourcesJob - Downloaded sources for org.hamcrest:hamcrest-core:2.1
2020-01-22 18:13:24,937 [Worker-12: Download sources and javadoc] INFO  o.e.m.c.i.e.AbstractTransferListenerAdapter - Downloading https://repo.maven.apache.org/maven2/org/hamcrest/hamcrest-library/2.1/hamcrest-library-2.1-sources.jar
2020-01-22 18:13:25,069 [Worker-12: Download sources and javadoc] INFO  o.e.m.c.i.e.AbstractTransferListenerAdapter - Downloaded https://repo.maven.apache.org/maven2/org/hamcrest/hamcrest-library/2.1/hamcrest-library-2.1-sources.jar
2020-01-22 18:13:25,173 [Worker-12: Download sources and javadoc] INFO  o.e.m.j.internal.DownloadSourcesJob - Downloaded sources for org.hamcrest:hamcrest-library:2.1
2020-01-22 18:13:25,564 [Worker-12: Download sources and javadoc] INFO  o.e.m.c.i.e.AbstractTransferListenerAdapter - Downloading https://repo.maven.apache.org/maven2/org/springframework/amqp/spring-rabbit-junit/2.2.3.RELEASE/spring-rabbit-junit-2.2.3.RELEASE-sources.jar
2020-01-22 18:13:25,830 [Worker-12: Download sources and javadoc] INFO  o.e.m.c.i.e.AbstractTransferListenerAdapter - Downloaded https://repo.maven.apache.org/maven2/org/springframework/amqp/spring-rabbit-junit/2.2.3.RELEASE/spring-rabbit-junit-2.2.3.RELEASE-sources.jar
2020-01-22 18:13:25,896 [Worker-12: Download sources and javadoc] INFO  o.e.m.j.internal.DownloadSourcesJob - Downloaded sources for org.springframework.amqp:spring-rabbit-junit:2.2.3.RELEASE
2020-01-22 18:13:25,901 [Worker-12: Download sources and javadoc] INFO  o.e.m.j.internal.DownloadSourcesJob - Downloaded sources for org.springframework.boot:spring-boot-starter-amqp:2.2.4.RELEASE
2020-01-22 18:13:25,905 [Worker-12: Download sources and javadoc] INFO  o.e.m.j.internal.DownloadSourcesJob - Downloaded sources for org.springframework.amqp:spring-rabbit:2.2.3.RELEASE
2020-01-22 18:13:25,911 [Worker-12: Download sources and javadoc] INFO  o.e.m.j.internal.DownloadSourcesJob - Downloaded sources for com.rabbitmq:amqp-client:5.7.3
2020-01-22 18:13:25,915 [Worker-12: Download sources and javadoc] INFO  o.e.m.j.internal.DownloadSourcesJob - Downloaded sources for org.springframework.amqp:spring-amqp:2.2.3.RELEASE
2020-01-22 18:13:25,920 [Worker-12: Download sources and javadoc] INFO  o.e.m.j.internal.DownloadSourcesJob - Downloaded sources for org.springframework.cloud:spring-cloud-stream-binder-rabbit:3.0.1.RELEASE
2020-01-22 18:13:25,925 [Worker-12: Download sources and javadoc] INFO  o.e.m.j.internal.DownloadSourcesJob - Downloaded sources for org.springframework.cloud:spring-cloud-stream-binder-rabbit-core:3.0.1.RELEASE
2020-01-22 18:13:25,930 [Worker-12: Download sources and javadoc] INFO  o.e.m.j.internal.DownloadSourcesJob - Downloaded sources for org.springframework.integration:spring-integration-amqp:5.2.3.RELEASE
2020-01-22 18:13:25,935 [Worker-12: Download sources and javadoc] INFO  o.e.m.j.internal.DownloadSourcesJob - Downloaded sources for com.rabbitmq:http-client:2.1.0.RELEASE
2020-01-22 18:13:25,939 [Worker-12: Download sources and javadoc] INFO  o.e.m.j.internal.DownloadSourcesJob - Downloaded sources for org.apache.httpcomponents:httpcore:4.4.13
2020-01-22 18:13:25,942 [Worker-12: Download sources and javadoc] INFO  o.e.m.j.internal.DownloadSourcesJob - Downloaded sources for org.springframework.amqp:spring-rabbit-test:2.2.3.RELEASE
2020-01-22 18:13:25,946 [Worker-12: Download sources and javadoc] INFO  o.e.m.j.internal.DownloadSourcesJob - Downloaded sources for org.hamcrest:hamcrest-core:2.1
2020-01-22 18:13:25,950 [Worker-12: Download sources and javadoc] INFO  o.e.m.j.internal.DownloadSourcesJob - Downloaded sources for org.hamcrest:hamcrest-library:2.1
2020-01-22 18:13:25,954 [Worker-12: Download sources and javadoc] INFO  o.e.m.j.internal.DownloadSourcesJob - Downloaded sources for org.springframework.amqp:spring-rabbit-junit:2.2.3.RELEASE
2020-01-22 18:13:25,957 [Worker-12: Download sources and javadoc] INFO  o.e.m.j.internal.DownloadSourcesJob - Downloaded sources for org.springframework.boot:spring-boot-starter-amqp:2.2.4.RELEASE
2020-01-22 18:13:25,960 [Worker-12: Download sources and javadoc] INFO  o.e.m.j.internal.DownloadSourcesJob - Downloaded sources for org.springframework.amqp:spring-rabbit:2.2.3.RELEASE
2020-01-22 18:13:25,962 [Worker-12: Download sources and javadoc] INFO  o.e.m.j.internal.DownloadSourcesJob - Downloaded sources for com.rabbitmq:amqp-client:5.7.3
2020-01-22 18:13:25,965 [Worker-12: Download sources and javadoc] INFO  o.e.m.j.internal.DownloadSourcesJob - Downloaded sources for org.springframework.amqp:spring-amqp:2.2.3.RELEASE
2020-01-22 18:13:25,967 [Worker-12: Download sources and javadoc] INFO  o.e.m.j.internal.DownloadSourcesJob - Downloaded sources for org.springframework.cloud:spring-cloud-stream-binder-rabbit:3.0.1.RELEASE
2020-01-22 18:13:25,969 [Worker-12: Download sources and javadoc] INFO  o.e.m.j.internal.DownloadSourcesJob - Downloaded sources for org.springframework.cloud:spring-cloud-stream-binder-rabbit-core:3.0.1.RELEASE
2020-01-22 18:13:25,972 [Worker-12: Download sources and javadoc] INFO  o.e.m.j.internal.DownloadSourcesJob - Downloaded sources for org.springframework.integration:spring-integration-amqp:5.2.3.RELEASE
2020-01-22 18:13:25,974 [Worker-12: Download sources and javadoc] INFO  o.e.m.j.internal.DownloadSourcesJob - Downloaded sources for com.rabbitmq:http-client:2.1.0.RELEASE
2020-01-22 18:13:25,976 [Worker-12: Download sources and javadoc] INFO  o.e.m.j.internal.DownloadSourcesJob - Downloaded sources for org.apache.httpcomponents:httpcore:4.4.13
2020-01-22 18:13:25,979 [Worker-12: Download sources and javadoc] INFO  o.e.m.j.internal.DownloadSourcesJob - Downloaded sources for org.springframework.amqp:spring-rabbit-test:2.2.3.RELEASE
2020-01-22 18:13:25,982 [Worker-12: Download sources and javadoc] INFO  o.e.m.j.internal.DownloadSourcesJob - Downloaded sources for org.hamcrest:hamcrest-core:2.1
2020-01-22 18:13:25,985 [Worker-12: Download sources and javadoc] INFO  o.e.m.j.internal.DownloadSourcesJob - Downloaded sources for org.hamcrest:hamcrest-library:2.1
2020-01-22 18:13:25,987 [Worker-12: Download sources and javadoc] INFO  o.e.m.j.internal.DownloadSourcesJob - Downloaded sources for org.springframework.amqp:spring-rabbit-junit:2.2.3.RELEASE
2020-01-22 18:13:25,990 [Worker-12: Download sources and javadoc] INFO  o.e.m.j.internal.DownloadSourcesJob - Downloaded sources for org.springframework.boot:spring-boot-starter-amqp:2.2.4.RELEASE
2020-01-22 18:13:25,993 [Worker-12: Download sources and javadoc] INFO  o.e.m.j.internal.DownloadSourcesJob - Downloaded sources for org.springframework.amqp:spring-rabbit:2.2.3.RELEASE
2020-01-22 18:13:25,995 [Worker-12: Download sources and javadoc] INFO  o.e.m.j.internal.DownloadSourcesJob - Downloaded sources for com.rabbitmq:amqp-client:5.7.3
2020-01-22 18:13:25,998 [Worker-12: Download sources and javadoc] INFO  o.e.m.j.internal.DownloadSourcesJob - Downloaded sources for org.springframework.amqp:spring-amqp:2.2.3.RELEASE
2020-01-22 18:13:26,001 [Worker-12: Download sources and javadoc] INFO  o.e.m.j.internal.DownloadSourcesJob - Downloaded sources for org.springframework.cloud:spring-cloud-stream-binder-rabbit:3.0.1.RELEASE
2020-01-22 18:13:26,003 [Worker-12: Download sources and javadoc] INFO  o.e.m.j.internal.DownloadSourcesJob - Downloaded sources for org.springframework.cloud:spring-cloud-stream-binder-rabbit-core:3.0.1.RELEASE
2020-01-22 18:13:26,006 [Worker-12: Download sources and javadoc] INFO  o.e.m.j.internal.DownloadSourcesJob - Downloaded sources for org.springframework.integration:spring-integration-amqp:5.2.3.RELEASE
2020-01-22 18:13:26,009 [Worker-12: Download sources and javadoc] INFO  o.e.m.j.internal.DownloadSourcesJob - Downloaded sources for com.rabbitmq:http-client:2.1.0.RELEASE
2020-01-22 18:13:26,012 [Worker-12: Download sources and javadoc] INFO  o.e.m.j.internal.DownloadSourcesJob - Downloaded sources for org.apache.httpcomponents:httpcore:4.4.13
2020-01-22 18:13:26,016 [Worker-12: Download sources and javadoc] INFO  o.e.m.j.internal.DownloadSourcesJob - Downloaded sources for org.springframework.amqp:spring-rabbit-test:2.2.3.RELEASE
2020-01-22 18:13:26,019 [Worker-12: Download sources and javadoc] INFO  o.e.m.j.internal.DownloadSourcesJob - Downloaded sources for org.hamcrest:hamcrest-core:2.1
2020-01-22 18:13:26,021 [Worker-12: Download sources and javadoc] INFO  o.e.m.j.internal.DownloadSourcesJob - Downloaded sources for org.hamcrest:hamcrest-library:2.1
2020-01-22 18:13:26,025 [Worker-12: Download sources and javadoc] INFO  o.e.m.j.internal.DownloadSourcesJob - Downloaded sources for org.springframework.amqp:spring-rabbit-junit:2.2.3.RELEASE
2020-01-22 18:13:26,358 [Worker-13: Building workspace] INFO  o.e.m.c.i.embedder.EclipseLogger - Using 'UTF-8' encoding to copy filtered resources.
2020-01-22 18:13:26,359 [Worker-13: Building workspace] INFO  o.e.m.c.i.embedder.EclipseLogger - Copying 0 resource
2020-01-22 18:13:26,359 [Worker-13: Building workspace] INFO  o.e.m.c.i.embedder.EclipseLogger - Copying 0 resource
2020-01-22 18:13:26,361 [Worker-13: Building workspace] INFO  o.e.m.c.i.embedder.EclipseLogger - Using 'UTF-8' encoding to copy filtered resources.
2020-01-22 18:13:26,361 [Worker-13: Building workspace] INFO  o.e.m.c.i.embedder.EclipseLogger - skip non existing resourceDirectory E:\MicroServices\SpringCloudStreamUsingRabbitMQ\RabbitMQProducer\src\test\resources
2020-01-22 18:15:08,196 [Worker-2: Import Getting Started Content] INFO  o.e.m.c.i.l.LifecycleMappingFactory - Using org.eclipse.m2e.jdt.JarLifecycleMapping lifecycle mapping for MavenProject: com.example:RabbitMQConsumer:0.0.1-SNAPSHOT @ E:\MicroServices\SpringCloudStreamUsingRabbitMQ\RabbitMQConsumer\pom.xml.
2020-01-22 18:15:08,776 [Worker-2: Import Getting Started Content] INFO  o.e.m.j.i.AbstractJavaProjectConfigurator - Adding source folder /RabbitMQConsumer/src/main/java
2020-01-22 18:15:08,776 [Worker-2: Import Getting Started Content] INFO  o.e.m.j.i.AbstractJavaProjectConfigurator - Adding resource folder /RabbitMQConsumer/src/main/resources
2020-01-22 18:15:08,781 [Worker-2: Import Getting Started Content] INFO  o.e.m.j.i.AbstractJavaProjectConfigurator - Adding resource folder /RabbitMQConsumer/src/main/resources
2020-01-22 18:15:08,788 [Worker-2: Import Getting Started Content] INFO  o.e.m.j.i.AbstractJavaProjectConfigurator - Adding source folder /RabbitMQConsumer/src/test/java
2020-01-22 18:15:09,060 [Worker-2: Import Getting Started Content] INFO  o.e.m.c.i.p.ProjectConfigurationManager - Imported and configured 1 project(s) in 1 sec
2020-01-22 18:15:09,062 [Worker-2: Import Getting Started Content] INFO  o.e.m.c.i.p.ProjectConfigurationManager - Update started
2020-01-22 18:15:09,479 [Worker-2: Import Getting Started Content] INFO  o.e.m.c.i.l.LifecycleMappingFactory - Using org.eclipse.m2e.jdt.JarLifecycleMapping lifecycle mapping for MavenProject: com.example:RabbitMQConsumer:0.0.1-SNAPSHOT @ E:\MicroServices\SpringCloudStreamUsingRabbitMQ\RabbitMQConsumer\pom.xml.
2020-01-22 18:15:10,264 [Worker-2: Import Getting Started Content] INFO  o.e.m.j.i.AbstractJavaProjectConfigurator - Adding source folder /RabbitMQConsumer/src/main/java
2020-01-22 18:15:10,264 [Worker-2: Import Getting Started Content] INFO  o.e.m.j.i.AbstractJavaProjectConfigurator - Adding resource folder /RabbitMQConsumer/src/main/resources
2020-01-22 18:15:10,265 [Worker-2: Import Getting Started Content] INFO  o.e.m.j.i.AbstractJavaProjectConfigurator - Adding resource folder /RabbitMQConsumer/src/main/resources
2020-01-22 18:15:10,267 [Worker-2: Import Getting Started Content] INFO  o.e.m.j.i.AbstractJavaProjectConfigurator - Adding source folder /RabbitMQConsumer/src/test/java
2020-01-22 18:15:10,499 [Worker-2: Import Getting Started Content] INFO  o.e.m.c.i.p.ProjectConfigurationManager - Update completed: 1 sec
2020-01-22 18:15:11,487 [Worker-2: Building workspace] INFO  o.e.m.c.i.embedder.EclipseLogger - Using 'UTF-8' encoding to copy filtered resources.
2020-01-22 18:15:11,488 [Worker-2: Building workspace] INFO  o.e.m.c.i.embedder.EclipseLogger - Copying 1 resource
2020-01-22 18:15:11,489 [Worker-2: Building workspace] INFO  o.e.m.c.i.embedder.EclipseLogger - Copying 0 resource
2020-01-22 18:15:11,491 [Worker-2: Building workspace] INFO  o.e.m.c.i.embedder.EclipseLogger - Using 'UTF-8' encoding to copy filtered resources.
2020-01-22 18:15:11,491 [Worker-2: Building workspace] INFO  o.e.m.c.i.embedder.EclipseLogger - skip non existing resourceDirectory E:\MicroServices\SpringCloudStreamUsingRabbitMQ\RabbitMQConsumer\src\test\resources
2020-01-23 09:43:01,620 [Worker-5: Loading available Gradle versions] INFO  o.e.b.c.i.u.g.PublishedGradleVersions - Gradle version information cache is up-to-date. Trying to read.
2020-01-23 11:18:24,741 [Worker-7: Building workspace] INFO  o.e.m.c.i.embedder.EclipseLogger - Using 'UTF-8' encoding to copy filtered resources.
2020-01-23 11:18:24,751 [Worker-7: Building workspace] INFO  o.e.m.c.i.embedder.EclipseLogger - Copying 2 resources
2020-01-23 11:18:24,761 [Worker-7: Building workspace] INFO  o.e.m.c.i.embedder.EclipseLogger - Copying 0 resource
2020-01-23 11:18:24,761 [Worker-7: Building workspace] INFO  o.e.m.c.i.embedder.EclipseLogger - Using 'UTF-8' encoding to copy filtered resources.
2020-01-23 11:18:24,761 [Worker-7: Building workspace] INFO  o.e.m.c.i.embedder.EclipseLogger - skip non existing resourceDirectory E:\MicroServices\SpringCloudStreamUsingRabbitMQ\RabbitMqBinderConsumer\src\test\resources
2020-01-23 11:18:50,085 [Worker-12: Importing Maven projects] ERROR o.e.m.c.i.p.ProjectConfigurationManager - Project RabbitMqBinderConsumer already exists
2020-01-23 11:18:50,115 [Worker-12: Importing Maven projects] ERROR o.e.m.c.i.p.ProjectConfigurationManager - Project RabbitMqBinderProducer already exists
2020-01-23 11:18:51,504 [Worker-12: Importing Maven projects] INFO  o.e.m.c.i.l.LifecycleMappingFactory - Using org.eclipse.m2e.jdt.JarLifecycleMapping lifecycle mapping for MavenProject: com.example:RabbitMQProducer:0.0.1-SNAPSHOT @ E:\MicroServices\SpringCloudStreamUsingRabbitMQ\RabbitMQProducer\pom.xml.
2020-01-23 11:18:52,727 [Worker-12: Importing Maven projects] INFO  o.e.m.c.i.l.LifecycleMappingFactory - Using org.eclipse.m2e.jdt.JarLifecycleMapping lifecycle mapping for MavenProject: com.example:RabbitMQConsumer:0.0.1-SNAPSHOT @ E:\MicroServices\SpringCloudStreamUsingRabbitMQ\RabbitMQConsumer\pom.xml.
2020-01-23 11:18:53,512 [Worker-12: Importing Maven projects] INFO  o.e.m.j.i.AbstractJavaProjectConfigurator - Adding source folder /RabbitMQProducer/src/main/java
2020-01-23 11:18:53,513 [Worker-12: Importing Maven projects] INFO  o.e.m.j.i.AbstractJavaProjectConfigurator - Adding resource folder /RabbitMQProducer/src/main/resources
2020-01-23 11:18:53,513 [Worker-12: Importing Maven projects] INFO  o.e.m.j.i.AbstractJavaProjectConfigurator - Adding resource folder /RabbitMQProducer/src/main/resources
2020-01-23 11:18:53,514 [Worker-12: Importing Maven projects] INFO  o.e.m.j.i.AbstractJavaProjectConfigurator - Adding source folder /RabbitMQProducer/src/test/java
2020-01-23 11:18:53,733 [Worker-12: Importing Maven projects] INFO  o.e.m.j.i.AbstractJavaProjectConfigurator - Adding source folder /RabbitMQConsumer/src/main/java
2020-01-23 11:18:53,733 [Worker-12: Importing Maven projects] INFO  o.e.m.j.i.AbstractJavaProjectConfigurator - Adding resource folder /RabbitMQConsumer/src/main/resources
2020-01-23 11:18:53,733 [Worker-12: Importing Maven projects] INFO  o.e.m.j.i.AbstractJavaProjectConfigurator - Adding resource folder /RabbitMQConsumer/src/main/resources
2020-01-23 11:18:53,735 [Worker-12: Importing Maven projects] INFO  o.e.m.j.i.AbstractJavaProjectConfigurator - Adding source folder /RabbitMQConsumer/src/test/java
2020-01-23 11:18:53,881 [Worker-12: Importing Maven projects] INFO  o.e.m.c.i.p.ProjectConfigurationManager - Imported and configured 4 project(s) in 3 sec
2020-01-23 11:18:55,331 [Worker-16: Building workspace] INFO  o.e.m.c.i.embedder.EclipseLogger - Using 'UTF-8' encoding to copy filtered resources.
2020-01-23 11:18:55,331 [Worker-16: Building workspace] INFO  o.e.m.c.i.embedder.EclipseLogger - Copying 1 resource
2020-01-23 11:18:55,332 [Worker-16: Building workspace] INFO  o.e.m.c.i.embedder.EclipseLogger - Copying 0 resource
2020-01-23 11:18:55,334 [Worker-16: Building workspace] INFO  o.e.m.c.i.embedder.EclipseLogger - Using 'UTF-8' encoding to copy filtered resources.
2020-01-23 11:18:55,334 [Worker-16: Building workspace] INFO  o.e.m.c.i.embedder.EclipseLogger - skip non existing resourceDirectory E:\MicroServices\SpringCloudStreamUsingRabbitMQ\RabbitMQConsumer\src\test\resources
2020-01-23 11:18:56,201 [Worker-16: Building workspace] INFO  o.e.m.c.i.embedder.EclipseLogger - Using 'UTF-8' encoding to copy filtered resources.
2020-01-23 11:18:56,201 [Worker-16: Building workspace] INFO  o.e.m.c.i.embedder.EclipseLogger - Copying 1 resource
2020-01-23 11:18:56,212 [Worker-16: Building workspace] INFO  o.e.m.c.i.embedder.EclipseLogger - Copying 0 resource
2020-01-23 11:18:56,222 [Worker-16: Building workspace] INFO  o.e.m.c.i.embedder.EclipseLogger - Using 'UTF-8' encoding to copy filtered resources.
2020-01-23 11:18:56,222 [Worker-16: Building workspace] INFO  o.e.m.c.i.embedder.EclipseLogger - skip non existing resourceDirectory E:\MicroServices\SpringCloudStreamUsingRabbitMQ\RabbitMQProducer\src\test\resources
2020-01-23 11:19:26,852 [Worker-21: Building workspace] INFO  o.e.m.c.i.l.LifecycleMappingFactory - Using org.eclipse.m2e.jdt.JarLifecycleMapping lifecycle mapping for MavenProject: com.example:KafkaBinderConsumer:1.0.0-SNAPSHOT @ E:\MicroServices\SpringCloudStreamUsingRabbitMQ\RabbitMqBinderConsumer\pom.xml.
2020-01-23 11:19:27,625 [Worker-21: Building workspace] INFO  o.e.m.c.i.e.AbstractTransferListenerAdapter - Downloading https://repo.maven.apache.org/maven2/org/springframework/boot/spring-boot-starter-amqp/2.2.3.RELEASE/spring-boot-starter-amqp-2.2.3.RELEASE.pom
2020-01-23 11:19:27,767 [Worker-21: Building workspace] INFO  o.e.m.c.i.e.AbstractTransferListenerAdapter - Downloaded https://repo.maven.apache.org/maven2/org/springframework/boot/spring-boot-starter-amqp/2.2.3.RELEASE/spring-boot-starter-amqp-2.2.3.RELEASE.pom
2020-01-23 11:19:28,402 [Worker-21: Building workspace] INFO  o.e.m.c.i.e.AbstractTransferListenerAdapter - Downloading https://repo.maven.apache.org/maven2/org/springframework/boot/spring-boot-starter-amqp/2.2.3.RELEASE/spring-boot-starter-amqp-2.2.3.RELEASE.jar
2020-01-23 11:19:28,538 [Worker-21: Building workspace] INFO  o.e.m.c.i.e.AbstractTransferListenerAdapter - Downloaded https://repo.maven.apache.org/maven2/org/springframework/boot/spring-boot-starter-amqp/2.2.3.RELEASE/spring-boot-starter-amqp-2.2.3.RELEASE.jar
2020-01-23 11:19:28,812 [Worker-21: Building workspace] INFO  o.e.m.c.i.embedder.EclipseLogger - Using 'UTF-8' encoding to copy filtered resources.
2020-01-23 11:19:28,813 [Worker-21: Building workspace] INFO  o.e.m.c.i.embedder.EclipseLogger - Copying 0 resource
2020-01-23 11:19:28,813 [Worker-21: Building workspace] INFO  o.e.m.c.i.embedder.EclipseLogger - Copying 0 resource
2020-01-23 11:19:28,815 [Worker-21: Building workspace] INFO  o.e.m.c.i.embedder.EclipseLogger - Using 'UTF-8' encoding to copy filtered resources.
2020-01-23 11:19:28,815 [Worker-21: Building workspace] INFO  o.e.m.c.i.embedder.EclipseLogger - skip non existing resourceDirectory E:\MicroServices\SpringCloudStreamUsingRabbitMQ\RabbitMqBinderConsumer\src\test\resources
2020-01-23 11:19:30,439 [Worker-7: Building workspace] INFO  o.e.m.c.i.embedder.EclipseLogger - Using 'UTF-8' encoding to copy filtered resources.
2020-01-23 11:19:30,441 [Worker-7: Building workspace] INFO  o.e.m.c.i.embedder.EclipseLogger - Copying 2 resources
2020-01-23 11:19:30,444 [Worker-7: Building workspace] INFO  o.e.m.c.i.embedder.EclipseLogger - Copying 0 resource
2020-01-23 11:19:30,446 [Worker-7: Building workspace] INFO  o.e.m.c.i.embedder.EclipseLogger - Using 'UTF-8' encoding to copy filtered resources.
2020-01-23 11:19:30,446 [Worker-7: Building workspace] INFO  o.e.m.c.i.embedder.EclipseLogger - skip non existing resourceDirectory E:\MicroServices\SpringCloudStreamUsingRabbitMQ\RabbitMqBinderConsumer\src\test\resources
2020-01-23 11:19:30,854 [Worker-20: Download sources and javadoc] INFO  o.e.m.c.i.e.AbstractTransferListenerAdapter - Downloading https://repo.maven.apache.org/maven2/org/springframework/boot/spring-boot-starter-amqp/2.2.3.RELEASE/spring-boot-starter-amqp-2.2.3.RELEASE-sources.jar
2020-01-23 11:19:30,994 [Worker-20: Download sources and javadoc] INFO  o.e.m.c.i.e.AbstractTransferListenerAdapter - Downloaded https://repo.maven.apache.org/maven2/org/springframework/boot/spring-boot-starter-amqp/2.2.3.RELEASE/spring-boot-starter-amqp-2.2.3.RELEASE-sources.jar
2020-01-23 11:19:31,069 [Worker-20: Download sources and javadoc] INFO  o.e.m.j.internal.DownloadSourcesJob - Downloaded sources for org.springframework.boot:spring-boot-starter-amqp:2.2.3.RELEASE
2020-01-23 11:19:31,604 [Worker-21: Building workspace] INFO  o.e.m.c.i.embedder.EclipseLogger - Using 'UTF-8' encoding to copy filtered resources.
2020-01-23 11:19:31,605 [Worker-21: Building workspace] INFO  o.e.m.c.i.embedder.EclipseLogger - Copying 0 resource
2020-01-23 11:19:31,605 [Worker-21: Building workspace] INFO  o.e.m.c.i.embedder.EclipseLogger - Copying 0 resource
2020-01-23 11:19:31,606 [Worker-21: Building workspace] INFO  o.e.m.c.i.embedder.EclipseLogger - Using 'UTF-8' encoding to copy filtered resources.
2020-01-23 11:19:31,606 [Worker-21: Building workspace] INFO  o.e.m.c.i.embedder.EclipseLogger - skip non existing resourceDirectory E:\MicroServices\SpringCloudStreamUsingRabbitMQ\RabbitMqBinderConsumer\src\test\resources
2020-01-23 11:19:49,950 [Worker-22: Building workspace] INFO  o.e.m.c.i.l.LifecycleMappingFactory - Using org.eclipse.m2e.jdt.JarLifecycleMapping lifecycle mapping for MavenProject: com.example:KafkaBinderProducer:1.0.0-SNAPSHOT @ E:\MicroServices\SpringCloudStreamUsingRabbitMQ\RabbitMqBinderProducer\pom.xml.
2020-01-23 11:19:50,333 [Worker-22: Building workspace] INFO  o.e.m.c.i.e.AbstractTransferListenerAdapter - Downloading https://repo.maven.apache.org/maven2/org/springframework/boot/spring-boot-starter-amqp/2.2.2.RELEASE/spring-boot-starter-amqp-2.2.2.RELEASE.pom
2020-01-23 11:19:50,489 [Worker-22: Building workspace] INFO  o.e.m.c.i.e.AbstractTransferListenerAdapter - Downloaded https://repo.maven.apache.org/maven2/org/springframework/boot/spring-boot-starter-amqp/2.2.2.RELEASE/spring-boot-starter-amqp-2.2.2.RELEASE.pom
2020-01-23 11:19:50,694 [Worker-22: Building workspace] INFO  o.e.m.c.i.e.AbstractTransferListenerAdapter - Downloading https://repo.maven.apache.org/maven2/org/springframework/amqp/spring-rabbit/2.2.2.RELEASE/spring-rabbit-2.2.2.RELEASE.pom
2020-01-23 11:19:50,832 [Worker-22: Building workspace] INFO  o.e.m.c.i.e.AbstractTransferListenerAdapter - Downloaded https://repo.maven.apache.org/maven2/org/springframework/amqp/spring-rabbit/2.2.2.RELEASE/spring-rabbit-2.2.2.RELEASE.pom
2020-01-23 11:19:50,976 [Worker-22: Building workspace] INFO  o.e.m.c.i.e.AbstractTransferListenerAdapter - Downloading https://repo.maven.apache.org/maven2/org/springframework/amqp/spring-amqp/2.2.2.RELEASE/spring-amqp-2.2.2.RELEASE.pom
2020-01-23 11:19:51,111 [Worker-22: Building workspace] INFO  o.e.m.c.i.e.AbstractTransferListenerAdapter - Downloaded https://repo.maven.apache.org/maven2/org/springframework/amqp/spring-amqp/2.2.2.RELEASE/spring-amqp-2.2.2.RELEASE.pom
2020-01-23 11:19:51,360 [Worker-22: Building workspace] INFO  o.e.m.c.i.e.AbstractTransferListenerAdapter - Downloading https://repo.maven.apache.org/maven2/org/springframework/integration/spring-integration-amqp/5.2.2.RELEASE/spring-integration-amqp-5.2.2.RELEASE.pom
2020-01-23 11:19:51,493 [Worker-22: Building workspace] INFO  o.e.m.c.i.e.AbstractTransferListenerAdapter - Downloaded https://repo.maven.apache.org/maven2/org/springframework/integration/spring-integration-amqp/5.2.2.RELEASE/spring-integration-amqp-5.2.2.RELEASE.pom
2020-01-23 11:19:51,990 [Worker-22: Building workspace] INFO  o.e.m.c.i.e.AbstractTransferListenerAdapter - Downloading https://repo.maven.apache.org/maven2/org/springframework/boot/spring-boot-starter-amqp/2.2.2.RELEASE/spring-boot-starter-amqp-2.2.2.RELEASE.jar
2020-01-23 11:19:52,125 [Worker-22: Building workspace] INFO  o.e.m.c.i.e.AbstractTransferListenerAdapter - Downloaded https://repo.maven.apache.org/maven2/org/springframework/boot/spring-boot-starter-amqp/2.2.2.RELEASE/spring-boot-starter-amqp-2.2.2.RELEASE.jar
2020-01-23 11:19:52,258 [Worker-22: Building workspace] INFO  o.e.m.c.i.e.AbstractTransferListenerAdapter - Downloading https://repo.maven.apache.org/maven2/org/springframework/amqp/spring-rabbit/2.2.2.RELEASE/spring-rabbit-2.2.2.RELEASE.jar
2020-01-23 11:19:53,045 [Worker-22: Building workspace] INFO  o.e.m.c.i.e.AbstractTransferListenerAdapter - Downloaded https://repo.maven.apache.org/maven2/org/springframework/amqp/spring-rabbit/2.2.2.RELEASE/spring-rabbit-2.2.2.RELEASE.jar
2020-01-23 11:19:53,170 [Worker-22: Building workspace] INFO  o.e.m.c.i.e.AbstractTransferListenerAdapter - Downloading https://repo.maven.apache.org/maven2/org/springframework/amqp/spring-amqp/2.2.2.RELEASE/spring-amqp-2.2.2.RELEASE.jar
2020-01-23 11:19:53,344 [Worker-22: Building workspace] INFO  o.e.m.c.i.e.AbstractTransferListenerAdapter - Downloaded https://repo.maven.apache.org/maven2/org/springframework/amqp/spring-amqp/2.2.2.RELEASE/spring-amqp-2.2.2.RELEASE.jar
2020-01-23 11:19:53,482 [Worker-22: Building workspace] INFO  o.e.m.c.i.e.AbstractTransferListenerAdapter - Downloading https://repo.maven.apache.org/maven2/org/springframework/integration/spring-integration-amqp/5.2.2.RELEASE/spring-integration-amqp-5.2.2.RELEASE.jar
2020-01-23 11:19:53,654 [Worker-22: Building workspace] INFO  o.e.m.c.i.e.AbstractTransferListenerAdapter - Downloaded https://repo.maven.apache.org/maven2/org/springframework/integration/spring-integration-amqp/5.2.2.RELEASE/spring-integration-amqp-5.2.2.RELEASE.jar
2020-01-23 11:19:54,305 [Worker-22: Building workspace] INFO  o.e.m.c.i.embedder.EclipseLogger - Using 'UTF-8' encoding to copy filtered resources.
2020-01-23 11:19:54,305 [Worker-22: Building workspace] INFO  o.e.m.c.i.embedder.EclipseLogger - Copying 2 resources
2020-01-23 11:19:54,307 [Worker-22: Building workspace] INFO  o.e.m.c.i.embedder.EclipseLogger - Copying 0 resource
2020-01-23 11:19:54,308 [Worker-22: Building workspace] INFO  o.e.m.c.i.embedder.EclipseLogger - Using 'UTF-8' encoding to copy filtered resources.
2020-01-23 11:19:54,308 [Worker-22: Building workspace] INFO  o.e.m.c.i.embedder.EclipseLogger - skip non existing resourceDirectory E:\MicroServices\SpringCloudStreamUsingRabbitMQ\RabbitMqBinderProducer\src\test\resources
2020-01-23 11:19:56,259 [Worker-16: Download sources and javadoc] INFO  o.e.m.c.i.e.AbstractTransferListenerAdapter - Downloading https://repo.maven.apache.org/maven2/org/springframework/boot/spring-boot-starter-amqp/2.2.2.RELEASE/spring-boot-starter-amqp-2.2.2.RELEASE-sources.jar
2020-01-23 11:19:56,395 [Worker-16: Download sources and javadoc] INFO  o.e.m.c.i.e.AbstractTransferListenerAdapter - Downloaded https://repo.maven.apache.org/maven2/org/springframework/boot/spring-boot-starter-amqp/2.2.2.RELEASE/spring-boot-starter-amqp-2.2.2.RELEASE-sources.jar
2020-01-23 11:19:56,434 [Worker-20: Building workspace] INFO  o.e.m.c.i.embedder.EclipseLogger - Using 'UTF-8' encoding to copy filtered resources.
2020-01-23 11:19:56,434 [Worker-20: Building workspace] INFO  o.e.m.c.i.embedder.EclipseLogger - Copying 2 resources
2020-01-23 11:19:56,436 [Worker-20: Building workspace] INFO  o.e.m.c.i.embedder.EclipseLogger - Copying 0 resource
2020-01-23 11:19:56,440 [Worker-20: Building workspace] INFO  o.e.m.c.i.embedder.EclipseLogger - Using 'UTF-8' encoding to copy filtered resources.
2020-01-23 11:19:56,440 [Worker-20: Building workspace] INFO  o.e.m.c.i.embedder.EclipseLogger - skip non existing resourceDirectory E:\MicroServices\SpringCloudStreamUsingRabbitMQ\RabbitMqBinderProducer\src\test\resources
2020-01-23 11:19:56,529 [Worker-16: Download sources and javadoc] INFO  o.e.m.j.internal.DownloadSourcesJob - Downloaded sources for org.springframework.boot:spring-boot-starter-amqp:2.2.2.RELEASE
2020-01-23 11:19:56,954 [Worker-16: Download sources and javadoc] INFO  o.e.m.c.i.e.AbstractTransferListenerAdapter - Downloading https://repo.maven.apache.org/maven2/org/springframework/amqp/spring-rabbit/2.2.2.RELEASE/spring-rabbit-2.2.2.RELEASE-sources.jar
2020-01-23 11:19:57,609 [Worker-16: Download sources and javadoc] INFO  o.e.m.c.i.e.AbstractTransferListenerAdapter - Downloaded https://repo.maven.apache.org/maven2/org/springframework/amqp/spring-rabbit/2.2.2.RELEASE/spring-rabbit-2.2.2.RELEASE-sources.jar
2020-01-23 11:19:57,698 [Worker-16: Download sources and javadoc] INFO  o.e.m.j.internal.DownloadSourcesJob - Downloaded sources for org.springframework.amqp:spring-rabbit:2.2.2.RELEASE
2020-01-23 11:19:58,099 [Worker-16: Download sources and javadoc] INFO  o.e.m.c.i.e.AbstractTransferListenerAdapter - Downloading https://repo.maven.apache.org/maven2/org/springframework/amqp/spring-amqp/2.2.2.RELEASE/spring-amqp-2.2.2.RELEASE-sources.jar
2020-01-23 11:19:58,648 [Worker-16: Download sources and javadoc] INFO  o.e.m.c.i.e.AbstractTransferListenerAdapter - Downloaded https://repo.maven.apache.org/maven2/org/springframework/amqp/spring-amqp/2.2.2.RELEASE/spring-amqp-2.2.2.RELEASE-sources.jar
2020-01-23 11:19:58,751 [Worker-16: Download sources and javadoc] INFO  o.e.m.j.internal.DownloadSourcesJob - Downloaded sources for org.springframework.amqp:spring-amqp:2.2.2.RELEASE
2020-01-23 11:19:59,163 [Worker-16: Download sources and javadoc] INFO  o.e.m.c.i.e.AbstractTransferListenerAdapter - Downloading https://repo.maven.apache.org/maven2/org/springframework/integration/spring-integration-amqp/5.2.2.RELEASE/spring-integration-amqp-5.2.2.RELEASE-sources.jar
2020-01-23 11:19:59,552 [Worker-16: Download sources and javadoc] INFO  o.e.m.c.i.e.AbstractTransferListenerAdapter - Downloaded https://repo.maven.apache.org/maven2/org/springframework/integration/spring-integration-amqp/5.2.2.RELEASE/spring-integration-amqp-5.2.2.RELEASE-sources.jar
2020-01-23 11:19:59,623 [Worker-16: Download sources and javadoc] INFO  o.e.m.j.internal.DownloadSourcesJob - Downloaded sources for org.springframework.integration:spring-integration-amqp:5.2.2.RELEASE
2020-01-23 11:19:59,905 [Worker-22: Building workspace] INFO  o.e.m.c.i.embedder.EclipseLogger - Using 'UTF-8' encoding to copy filtered resources.
2020-01-23 11:19:59,905 [Worker-22: Building workspace] INFO  o.e.m.c.i.embedder.EclipseLogger - Copying 0 resource
2020-01-23 11:19:59,905 [Worker-22: Building workspace] INFO  o.e.m.c.i.embedder.EclipseLogger - Copying 0 resource
2020-01-23 11:19:59,906 [Worker-22: Building workspace] INFO  o.e.m.c.i.embedder.EclipseLogger - Using 'UTF-8' encoding to copy filtered resources.
2020-01-23 11:19:59,907 [Worker-22: Building workspace] INFO  o.e.m.c.i.embedder.EclipseLogger - skip non existing resourceDirectory E:\MicroServices\SpringCloudStreamUsingRabbitMQ\RabbitMqBinderProducer\src\test\resources
2020-01-23 11:20:48,512 [Worker-20: Building workspace] INFO  o.e.m.c.i.embedder.EclipseLogger - Using 'UTF-8' encoding to copy filtered resources.
2020-01-23 11:20:48,522 [Worker-20: Building workspace] INFO  o.e.m.c.i.embedder.EclipseLogger - Copying 2 resources
2020-01-23 11:20:48,522 [Worker-20: Building workspace] INFO  o.e.m.c.i.embedder.EclipseLogger - Copying 0 resource
2020-01-23 11:20:48,522 [Worker-20: Building workspace] INFO  o.e.m.c.i.embedder.EclipseLogger - Using 'UTF-8' encoding to copy filtered resources.
2020-01-23 11:20:48,522 [Worker-20: Building workspace] INFO  o.e.m.c.i.embedder.EclipseLogger - skip non existing resourceDirectory E:\MicroServices\SpringCloudStreamUsingRabbitMQ\RabbitMqBinderConsumer\src\test\resources
2020-01-23 11:21:05,384 [Worker-7: Building workspace] INFO  o.e.m.c.i.embedder.EclipseLogger - Using 'UTF-8' encoding to copy filtered resources.
2020-01-23 11:21:05,385 [Worker-7: Building workspace] INFO  o.e.m.c.i.embedder.EclipseLogger - Copying 1 resource
2020-01-23 11:21:05,387 [Worker-7: Building workspace] INFO  o.e.m.c.i.embedder.EclipseLogger - Copying 0 resource
2020-01-23 11:21:05,389 [Worker-7: Building workspace] INFO  o.e.m.c.i.embedder.EclipseLogger - Using 'UTF-8' encoding to copy filtered resources.
2020-01-23 11:21:05,389 [Worker-7: Building workspace] INFO  o.e.m.c.i.embedder.EclipseLogger - skip non existing resourceDirectory E:\MicroServices\SpringCloudStreamUsingRabbitMQ\RabbitMqBinderConsumer\src\test\resources
2020-01-23 11:22:01,959 [Worker-20: Building workspace] INFO  o.e.m.c.i.embedder.EclipseLogger - Using 'UTF-8' encoding to copy filtered resources.
2020-01-23 11:22:01,959 [Worker-20: Building workspace] INFO  o.e.m.c.i.embedder.EclipseLogger - Copying 1 resource
2020-01-23 11:22:01,959 [Worker-20: Building workspace] INFO  o.e.m.c.i.embedder.EclipseLogger - Copying 0 resource
2020-01-23 11:22:01,959 [Worker-20: Building workspace] INFO  o.e.m.c.i.embedder.EclipseLogger - Using 'UTF-8' encoding to copy filtered resources.
2020-01-23 11:22:01,959 [Worker-20: Building workspace] INFO  o.e.m.c.i.embedder.EclipseLogger - skip non existing resourceDirectory E:\MicroServices\SpringCloudStreamUsingRabbitMQ\RabbitMqBinderConsumer\src\test\resources
2020-01-23 11:22:08,909 [Worker-19: Building workspace] INFO  o.e.m.c.i.embedder.EclipseLogger - Using 'UTF-8' encoding to copy filtered resources.
2020-01-23 11:22:08,909 [Worker-19: Building workspace] INFO  o.e.m.c.i.embedder.EclipseLogger - Copying 1 resource
2020-01-23 11:22:08,909 [Worker-19: Building workspace] INFO  o.e.m.c.i.embedder.EclipseLogger - Copying 0 resource
2020-01-23 11:22:08,909 [Worker-19: Building workspace] INFO  o.e.m.c.i.embedder.EclipseLogger - Using 'UTF-8' encoding to copy filtered resources.
2020-01-23 11:22:08,909 [Worker-19: Building workspace] INFO  o.e.m.c.i.embedder.EclipseLogger - skip non existing resourceDirectory E:\MicroServices\SpringCloudStreamUsingRabbitMQ\RabbitMqBinderProducer\src\test\resources
